# JRE version: Java(TM) SE Runtime Environment (18.0.2.1+1) (build 18.0.2.1+1-1)
# Java VM: Java HotSpot(TM) 64-Bit Server VM (18.0.2.1+1-1, mixed mode, sharing, tiered, compressed oops, compressed class ptrs, g1 gc, bsd-amd64)
GC Precious Log:
 CardTable entry size: 512
 Card Set container configuration: InlinePtr #cards 5 size 8 Array Of Cards #cards 12 size 40 Howl #buckets 4 coarsen threshold 1843 Howl Bitmap #cards 512 size 80 coarsen threshold 460 Card regions per heap region 1 cards per card region 2048
 CPUs: 8 total, 8 available
 Memory: 8192M
 Large Page Support: Disabled
 NUMA Support: Disabled
 Compressed Oops: Enabled (Zero based)
 Heap Region Size: 1M
 Heap Min Capacity: 8M
 Heap Initial Capacity: 128M
 Heap Max Capacity: 2G
 Pre-touch: Disabled
 Parallel Workers: 8
 Concurrent Workers: 2
 Concurrent Refinement Workers: 8
 Periodic GC: Disabled
Heap:
 garbage-first heap   total 128000K, used 92703K [0x0000000780000000, 0x0000000800000000)
  region size 1024K, 51 young (52224K), 6 survivors (6144K)
 Metaspace       used 30238K, committed 30848K, reserved 1114112K
  class space    used 3359K, committed 3648K, reserved 1048576K
GC Heap History (17 events):
Event: 1.172 GC heap before
{Heap before GC invocations=0 (full 0):
 garbage-first heap   total 133120K, used 23448K [0x0000000780000000, 0x0000000800000000)
  region size 1024K, 23 young (23552K), 0 survivors (0K)
 Metaspace       used 5877K, committed 6016K, reserved 1114112K
  class space    used 678K, committed 768K, reserved 1048576K
}
Event: 1.181 GC heap after
{Heap after GC invocations=1 (full 0):
 garbage-first heap   total 133120K, used 4471K [0x0000000780000000, 0x0000000800000000)
  region size 1024K, 3 young (3072K), 3 survivors (3072K)
 Metaspace       used 5877K, committed 6016K, reserved 1114112K
  class space    used 678K, committed 768K, reserved 1048576K
}
Event: 2.243 GC heap before
{Heap before GC invocations=1 (full 0):
 garbage-first heap   total 133120K, used 43383K [0x0000000780000000, 0x0000000800000000)
  region size 1024K, 41 young (41984K), 3 survivors (3072K)
 Metaspace       used 11800K, committed 12032K, reserved 1114112K
  class space    used 1421K, committed 1536K, reserved 1048576K
}
Event: 2.264 GC heap after
{Heap after GC invocations=2 (full 0):
 garbage-first heap   total 133120K, used 6979K [0x0000000780000000, 0x0000000800000000)
  region size 1024K, 6 young (6144K), 6 survivors (6144K)
 Metaspace       used 11800K, committed 12032K, reserved 1114112K
  class space    used 1421K, committed 1536K, reserved 1048576K
}
Event: 5.327 GC heap before
{Heap before GC invocations=2 (full 0):
 garbage-first heap   total 133120K, used 78659K [0x0000000780000000, 0x0000000800000000)
  region size 1024K, 76 young (77824K), 6 survivors (6144K)
 Metaspace       used 16799K, committed 17088K, reserved 1114112K
  class space    used 1934K, committed 2112K, reserved 1048576K
}
Event: 5.457 GC heap after
{Heap after GC invocations=3 (full 0):
 garbage-first heap   total 133120K, used 15051K [0x0000000780000000, 0x0000000800000000)
  region size 1024K, 10 young (10240K), 10 survivors (10240K)
 Metaspace       used 16799K, committed 17088K, reserved 1114112K
  class space    used 1934K, committed 2112K, reserved 1048576K
}
Event: 7.305 GC heap before
{Heap before GC invocations=3 (full 0):
 garbage-first heap   total 133120K, used 83659K [0x0000000780000000, 0x0000000800000000)
  region size 1024K, 76 young (77824K), 10 survivors (10240K)
 Metaspace       used 20340K, committed 20800K, reserved 1114112K
  class space    used 2257K, committed 2496K, reserved 1048576K
}
Event: 7.326 GC heap after
{Heap after GC invocations=4 (full 0):
 garbage-first heap   total 133120K, used 19587K [0x0000000780000000, 0x0000000800000000)
  region size 1024K, 5 young (5120K), 5 survivors (5120K)
 Metaspace       used 20340K, committed 20800K, reserved 1114112K
  class space    used 2257K, committed 2496K, reserved 1048576K
}
Event: 7.529 GC heap before
{Heap before GC invocations=4 (full 0):
 garbage-first heap   total 133120K, used 34947K [0x0000000780000000, 0x0000000800000000)
  region size 1024K, 17 young (17408K), 5 survivors (5120K)
 Metaspace       used 21131K, committed 21504K, reserved 1114112K
  class space    used 2357K, committed 2560K, reserved 1048576K
}
Event: 7.534 GC heap after
{Heap after GC invocations=5 (full 0):
 garbage-first heap   total 133120K, used 26755K [0x0000000780000000, 0x0000000800000000)
  region size 1024K, 8 young (8192K), 8 survivors (8192K)
 Metaspace       used 21131K, committed 21504K, reserved 1114112K
  class space    used 2357K, committed 2560K, reserved 1048576K
}
Event: 8.533 GC heap before
{Heap before GC invocations=6 (full 0):
 garbage-first heap   total 99328K, used 80003K [0x0000000780000000, 0x0000000800000000)
  region size 1024K, 58 young (59392K), 8 survivors (8192K)
 Metaspace       used 27012K, committed 27456K, reserved 1114112K
  class space    used 3014K, committed 3200K, reserved 1048576K
}
Event: 8.557 GC heap after
{Heap after GC invocations=7 (full 0):
 garbage-first heap   total 106496K, used 42931K [0x0000000780000000, 0x0000000800000000)
  region size 1024K, 8 young (8192K), 8 survivors (8192K)
 Metaspace       used 27012K, committed 27456K, reserved 1114112K
  class space    used 3014K, committed 3200K, reserved 1048576K
}
Event: 8.651 GC heap before
{Heap before GC invocations=7 (full 0):
 garbage-first heap   total 106496K, used 43955K [0x0000000780000000, 0x0000000800000000)
  region size 1024K, 9 young (9216K), 8 survivors (8192K)
 Metaspace       used 27016K, committed 27456K, reserved 1114112K
  class space    used 3014K, committed 3200K, reserved 1048576K
}
Event: 8.659 GC heap after
{Heap after GC invocations=8 (full 0):
 garbage-first heap   total 128000K, used 43928K [0x0000000780000000, 0x0000000800000000)
  region size 1024K, 1 young (1024K), 1 survivors (1024K)
 Metaspace       used 27016K, committed 27456K, reserved 1114112K
  class space    used 3014K, committed 3200K, reserved 1048576K
}
Event: 9.651 GC heap before
{Heap before GC invocations=8 (full 0):
 garbage-first heap   total 128000K, used 88984K [0x0000000780000000, 0x0000000800000000)
  region size 1024K, 46 young (47104K), 1 survivors (1024K)
 Metaspace       used 29207K, committed 29696K, reserved 1114112K
  class space    used 3234K, committed 3456K, reserved 1048576K
}
Event: 9.655 GC heap after
{Heap after GC invocations=9 (full 0):
 garbage-first heap   total 128000K, used 46623K [0x0000000780000000, 0x0000000800000000)
  region size 1024K, 4 young (4096K), 4 survivors (4096K)
 Metaspace       used 29207K, committed 29696K, reserved 1114112K
  class space    used 3234K, committed 3456K, reserved 1048576K
}
Event: 10.320 GC heap before
{Heap before GC invocations=9 (full 0):
 garbage-first heap   total 128000K, used 92703K [0x0000000780000000, 0x0000000800000000)
  region size 1024K, 49 young (50176K), 4 survivors (4096K)
 Metaspace       used 30238K, committed 30848K, reserved 1114112K
  class space    used 3359K, committed 3648K, reserved 1048576K
}

